# JRE version: OpenJDK Runtime Environment (8.0_202-b03) (build 1.8.0_202-release-1483-b03)
# Java VM: OpenJDK 64-Bit Server VM (25.202-b03 mixed mode windows-amd64 compressed oops)
Heap:
 PSYoungGen      total 453120K, used 294047K [0x00000000e0000000, 0x00000000ffd80000, 0x0000000100000000)
  eden space 389120K, 69% used [0x00000000e0000000,0x00000000f09a9f50,0x00000000f7c00000)
  from space 64000K, 34% used [0x00000000f7c00000,0x00000000f917dde0,0x00000000fba80000)
  to   space 60416K, 0% used [0x00000000fc280000,0x00000000fc280000,0x00000000ffd80000)
 ParOldGen       total 394752K, used 339203K [0x00000000a0000000, 0x00000000b8180000, 0x00000000e0000000)
  object space 394752K, 85% used [0x00000000a0000000,0x00000000b4b40dd0,0x00000000b8180000)
 Metaspace       used 119825K, capacity 128606K, committed 128728K, reserved 1161216K
  class space    used 15110K, capacity 16567K, committed 16640K, reserved 1048576K
GC Heap History (10 events):
Event: 1989.206 GC heap before
{Heap before GC invocations=75 (full 6):
 PSYoungGen      total 434688K, used 429508K [0x00000000e0000000, 0x0000000100000000, 0x0000000100000000)
  eden space 375808K, 100% used [0x00000000e0000000,0x00000000f6f00000,0x00000000f6f00000)
  from space 58880K, 91% used [0x00000000fc680000,0x00000000ffaf1090,0x0000000100000000)
  to   space 74240K, 0% used [0x00000000f6f00000,0x00000000f6f00000,0x00000000fb780000)
 ParOldGen       total 394752K, used 282429K [0x00000000a0000000, 0x00000000b8180000, 0x00000000e0000000)
  object space 394752K, 71% used [0x00000000a0000000,0x00000000b13cf5c0,0x00000000b8180000)
 Metaspace       used 119383K, capacity 128028K, committed 128472K, reserved 1161216K
  class space    used 15063K, capacity 16500K, committed 16640K, reserved 1048576K
Event: 1989.247 GC heap after
Heap after GC invocations=75 (full 6):
 PSYoungGen      total 450048K, used 4060K [0x00000000e0000000, 0x0000000100000000, 0x0000000100000000)
  eden space 375808K, 0% used [0x00000000e0000000,0x00000000e0000000,0x00000000f6f00000)
  from space 74240K, 5% used [0x00000000f6f00000,0x00000000f72f7128,0x00000000fb780000)
  to   space 73216K, 0% used [0x00000000fb880000,0x00000000fb880000,0x0000000100000000)
 ParOldGen       total 394752K, used 305507K [0x00000000a0000000, 0x00000000b8180000, 0x00000000e0000000)
  object space 394752K, 77% used [0x00000000a0000000,0x00000000b2a58c28,0x00000000b8180000)
 Metaspace       used 119383K, capacity 128028K, committed 128472K, reserved 1161216K
  class space    used 15063K, capacity 16500K, committed 16640K, reserved 1048576K
}
Event: 2022.668 GC heap before
{Heap before GC invocations=76 (full 6):
 PSYoungGen      total 450048K, used 379868K [0x00000000e0000000, 0x0000000100000000, 0x0000000100000000)
  eden space 375808K, 100% used [0x00000000e0000000,0x00000000f6f00000,0x00000000f6f00000)
  from space 74240K, 5% used [0x00000000f6f00000,0x00000000f72f7128,0x00000000fb780000)
  to   space 73216K, 0% used [0x00000000fb880000,0x00000000fb880000,0x0000000100000000)
 ParOldGen       total 394752K, used 305507K [0x00000000a0000000, 0x00000000b8180000, 0x00000000e0000000)
  object space 394752K, 77% used [0x00000000a0000000,0x00000000b2a58c28,0x00000000b8180000)
 Metaspace       used 119550K, capacity 128180K, committed 128472K, reserved 1161216K
  class space    used 15067K, capacity 16502K, committed 16640K, reserved 1048576K
Event: 2022.713 GC heap after
Heap after GC invocations=76 (full 6):
 PSYoungGen      total 439808K, used 22458K [0x00000000e0000000, 0x00000000ff600000, 0x0000000100000000)
  eden space 376832K, 0% used [0x00000000e0000000,0x00000000e0000000,0x00000000f7000000)
  from space 62976K, 35% used [0x00000000fb880000,0x00000000fce6eb58,0x00000000ff600000)
  to   space 68608K, 0% used [0x00000000f7000000,0x00000000f7000000,0x00000000fb300000)
 ParOldGen       total 394752K, used 308062K [0x00000000a0000000, 0x00000000b8180000, 0x00000000e0000000)
  object space 394752K, 78% used [0x00000000a0000000,0x00000000b2cd79e8,0x00000000b8180000)
 Metaspace       used 119550K, capacity 128180K, committed 128472K, reserved 1161216K
  class space    used 15067K, capacity 16502K, committed 16640K, reserved 1048576K
}
Event: 2024.303 GC heap before
{Heap before GC invocations=77 (full 6):
 PSYoungGen      total 439808K, used 399290K [0x00000000e0000000, 0x00000000ff600000, 0x0000000100000000)
  eden space 376832K, 100% used [0x00000000e0000000,0x00000000f7000000,0x00000000f7000000)
  from space 62976K, 35% used [0x00000000fb880000,0x00000000fce6eb58,0x00000000ff600000)
  to   space 68608K, 0% used [0x00000000f7000000,0x00000000f7000000,0x00000000fb300000)
 ParOldGen       total 394752K, used 308062K [0x00000000a0000000, 0x00000000b8180000, 0x00000000e0000000)
  object space 394752K, 78% used [0x00000000a0000000,0x00000000b2cd79e8,0x00000000b8180000)
 Metaspace       used 119559K, capacity 128180K, committed 128472K, reserved 1161216K
  class space    used 15067K, capacity 16502K, committed 16640K, reserved 1048576K
Event: 2024.340 GC heap after
Heap after GC invocations=77 (full 6):
 PSYoungGen      total 445440K, used 8442K [0x00000000e0000000, 0x0000000100000000, 0x0000000100000000)
  eden space 376832K, 0% used [0x00000000e0000000,0x00000000e0000000,0x00000000f7000000)
  from space 68608K, 12% used [0x00000000f7000000,0x00000000f783ea30,0x00000000fb300000)
  to   space 66560K, 0% used [0x00000000fbf00000,0x00000000fbf00000,0x0000000100000000)
 ParOldGen       total 394752K, used 322699K [0x00000000a0000000, 0x00000000b8180000, 0x00000000e0000000)
  object space 394752K, 81% used [0x00000000a0000000,0x00000000b3b22f30,0x00000000b8180000)
 Metaspace       used 119559K, capacity 128180K, committed 128472K, reserved 1161216K
  class space    used 15067K, capacity 16502K, committed 16640K, reserved 1048576K
}
Event: 2025.167 GC heap before
{Heap before GC invocations=78 (full 6):
 PSYoungGen      total 445440K, used 385274K [0x00000000e0000000, 0x0000000100000000, 0x0000000100000000)
  eden space 376832K, 100% used [0x00000000e0000000,0x00000000f7000000,0x00000000f7000000)
  from space 68608K, 12% used [0x00000000f7000000,0x00000000f783ea30,0x00000000fb300000)
  to   space 66560K, 0% used [0x00000000fbf00000,0x00000000fbf00000,0x0000000100000000)
 ParOldGen       total 394752K, used 323725K [0x00000000a0000000, 0x00000000b8180000, 0x00000000e0000000)
  object space 394752K, 82% used [0x00000000a0000000,0x00000000b3c234f0,0x00000000b8180000)
 Metaspace       used 119574K, capacity 128180K, committed 128472K, reserved 1161216K
  class space    used 15067K, capacity 16502K, committed 16640K, reserved 1048576K
Event: 2025.207 GC heap after
Heap after GC invocations=78 (full 6):
 PSYoungGen      total 448512K, used 9824K [0x00000000e0000000, 0x00000000ff900000, 0x0000000100000000)
  eden space 389120K, 0% used [0x00000000e0000000,0x00000000e0000000,0x00000000f7c00000)
  from space 59392K, 16% used [0x00000000fbf00000,0x00000000fc898108,0x00000000ff900000)
  to   space 64000K, 0% used [0x00000000f7c00000,0x00000000f7c00000,0x00000000fba80000)
 ParOldGen       total 394752K, used 331138K [0x00000000a0000000, 0x00000000b8180000, 0x00000000e0000000)
  object space 394752K, 83% used [0x00000000a0000000,0x00000000b4360880,0x00000000b8180000)
 Metaspace       used 119574K, capacity 128180K, committed 128472K, reserved 1161216K
  class space    used 15067K, capacity 16502K, committed 16640K, reserved 1048576K
}
Event: 2027.954 GC heap before
{Heap before GC invocations=79 (full 6):
 PSYoungGen      total 448512K, used 398944K [0x00000000e0000000, 0x00000000ff900000, 0x0000000100000000)
  eden space 389120K, 100% used [0x00000000e0000000,0x00000000f7c00000,0x00000000f7c00000)
  from space 59392K, 16% used [0x00000000fbf00000,0x00000000fc898108,0x00000000ff900000)
  to   space 64000K, 0% used [0x00000000f7c00000,0x00000000f7c00000,0x00000000fba80000)
 ParOldGen       total 394752K, used 331140K [0x00000000a0000000, 0x00000000b8180000, 0x00000000e0000000)
  object space 394752K, 83% used [0x00000000a0000000,0x00000000b4361090,0x00000000b8180000)
 Metaspace       used 119737K, capacity 128412K, committed 128728K, reserved 1161216K
  class space    used 15095K, capacity 16550K, committed 16640K, reserved 1048576K
Event: 2028.011 GC heap after
Heap after GC invocations=79 (full 6):
 PSYoungGen      total 453120K, used 22007K [0x00000000e0000000, 0x00000000ffd80000, 0x0000000100000000)
  eden space 389120K, 0% used [0x00000000e0000000,0x00000000e0000000,0x00000000f7c00000)
  from space 64000K, 34% used [0x00000000f7c00000,0x00000000f917dde0,0x00000000fba80000)
  to   space 60416K, 0% used [0x00000000fc280000,0x00000000fc280000,0x00000000ffd80000)
 ParOldGen       total 394752K, used 339203K [0x00000000a0000000, 0x00000000b8180000, 0x00000000e0000000)
  object space 394752K, 85% used [0x00000000a0000000,0x00000000b4b40dd0,0x00000000b8180000)
 Metaspace       used 119737K, capacity 128412K, committed 128728K, reserved 1161216K
  class space    used 15095K, capacity 16550K, committed 16640K, reserved 1048576K
}

